20:19:52.726 [ApplicationImpl pooled thread 147] INFO  c.b.l.BrowserStackRunExtension - testng
20:19:52.728 [ApplicationImpl pooled thread 147] INFO  com.browserstack.utils.Helpers - null
20:19:52.728 [ApplicationImpl pooled thread 147] INFO  c.b.l.BrowserStackRunExtension - Agent path: null
20:57:39.734 [AWT-EventQueue-0] INFO  c.b.actions.EnableBrowserStack - Setting enable browserstack run update
20:57:39.739 [AWT-EventQueue-0] INFO  c.b.actions.DisableBrowserStack - Setting disable browserstack run update
22:36:22.293 [ApplicationImpl pooled thread 239] INFO  c.b.l.BrowserStackRunExtension - testng
22:36:22.293 [ApplicationImpl pooled thread 239] INFO  com.browserstack.utils.Helpers - null
22:36:22.294 [ApplicationImpl pooled thread 239] INFO  c.b.l.BrowserStackRunExtension - Agent path: null
22:39:42.256 [ApplicationImpl pooled thread 250] INFO  c.b.l.BrowserStackRunExtension - testng
22:39:42.256 [ApplicationImpl pooled thread 250] INFO  com.browserstack.utils.Helpers - null
22:39:42.257 [ApplicationImpl pooled thread 250] INFO  c.b.l.BrowserStackRunExtension - Agent path: null
22:43:25.034 [ApplicationImpl pooled thread 258] INFO  c.b.l.BrowserStackRunExtension - testng
22:43:25.034 [ApplicationImpl pooled thread 258] INFO  com.browserstack.utils.Helpers - null
22:43:25.034 [ApplicationImpl pooled thread 258] INFO  c.b.l.BrowserStackRunExtension - Agent path: null
22:46:45.497 [ApplicationImpl pooled thread 257] INFO  c.b.l.BrowserStackRunExtension - testng
22:46:45.497 [ApplicationImpl pooled thread 257] INFO  com.browserstack.utils.Helpers - null
22:46:45.498 [ApplicationImpl pooled thread 257] INFO  c.b.l.BrowserStackRunExtension - Agent path: null
01:44:32.814 [ApplicationImpl pooled thread 368] INFO  c.b.l.BrowserStackRunExtension - testng
01:44:32.815 [ApplicationImpl pooled thread 368] INFO  com.browserstack.utils.Helpers - null
01:44:32.815 [ApplicationImpl pooled thread 368] INFO  c.b.l.BrowserStackRunExtension - Agent path: null
01:45:12.216 [ApplicationImpl pooled thread 363] INFO  c.b.l.BrowserStackRunExtension - testng
01:45:12.216 [ApplicationImpl pooled thread 363] INFO  com.browserstack.utils.Helpers - null
01:45:12.216 [ApplicationImpl pooled thread 363] INFO  c.b.l.BrowserStackRunExtension - Agent path: null
01:45:52.089 [ApplicationImpl pooled thread 366] INFO  c.b.l.BrowserStackRunExtension - testng
01:45:52.089 [ApplicationImpl pooled thread 366] INFO  com.browserstack.utils.Helpers - null
01:45:52.089 [ApplicationImpl pooled thread 366] INFO  c.b.l.BrowserStackRunExtension - Agent path: null
01:46:34.880 [ApplicationImpl pooled thread 338] INFO  c.b.l.BrowserStackRunExtension - testng
01:46:34.880 [ApplicationImpl pooled thread 338] INFO  com.browserstack.utils.Helpers - null
01:46:34.880 [ApplicationImpl pooled thread 338] INFO  c.b.l.BrowserStackRunExtension - Agent path: null
01:53:53.839 [ApplicationImpl pooled thread 372] INFO  c.b.l.BrowserStackRunExtension - testng
01:53:53.839 [ApplicationImpl pooled thread 372] INFO  com.browserstack.utils.Helpers - null
01:53:53.840 [ApplicationImpl pooled thread 372] INFO  c.b.l.BrowserStackRunExtension - Agent path: null
01:54:57.562 [ApplicationImpl pooled thread 376] INFO  c.b.l.BrowserStackRunExtension - testng
01:54:57.562 [ApplicationImpl pooled thread 376] INFO  com.browserstack.utils.Helpers - null
01:54:57.562 [ApplicationImpl pooled thread 376] INFO  c.b.l.BrowserStackRunExtension - Agent path: null
02:02:13.493 [ApplicationImpl pooled thread 390] INFO  c.b.l.BrowserStackRunExtension - testng
02:02:13.493 [ApplicationImpl pooled thread 390] INFO  com.browserstack.utils.Helpers - null
02:02:13.493 [ApplicationImpl pooled thread 390] INFO  c.b.l.BrowserStackRunExtension - Agent path: null
02:02:41.552 [ApplicationImpl pooled thread 389] INFO  c.b.l.BrowserStackRunExtension - testng
02:02:41.552 [ApplicationImpl pooled thread 389] INFO  com.browserstack.utils.Helpers - null
02:02:41.553 [ApplicationImpl pooled thread 389] INFO  c.b.l.BrowserStackRunExtension - Agent path: null
02:03:07.076 [ApplicationImpl pooled thread 387] INFO  c.b.l.BrowserStackRunExtension - testng
02:03:07.076 [ApplicationImpl pooled thread 387] INFO  com.browserstack.utils.Helpers - null
02:03:07.076 [ApplicationImpl pooled thread 387] INFO  c.b.l.BrowserStackRunExtension - Agent path: null
02:03:19.581 [ApplicationImpl pooled thread 380] INFO  c.b.l.BrowserStackRunExtension - testng
02:03:19.581 [ApplicationImpl pooled thread 380] INFO  com.browserstack.utils.Helpers - null
02:03:19.581 [ApplicationImpl pooled thread 380] INFO  c.b.l.BrowserStackRunExtension - Agent path: null
02:03:35.912 [ApplicationImpl pooled thread 387] INFO  c.b.l.BrowserStackRunExtension - testng
02:03:35.912 [ApplicationImpl pooled thread 387] INFO  com.browserstack.utils.Helpers - null
02:03:35.912 [ApplicationImpl pooled thread 387] INFO  c.b.l.BrowserStackRunExtension - Agent path: null
02:03:50.760 [ApplicationImpl pooled thread 387] INFO  c.b.l.BrowserStackRunExtension - testng
02:03:50.760 [ApplicationImpl pooled thread 387] INFO  com.browserstack.utils.Helpers - null
02:03:50.762 [ApplicationImpl pooled thread 387] INFO  c.b.l.BrowserStackRunExtension - Agent path: null
02:04:41.093 [ApplicationImpl pooled thread 388] INFO  c.b.l.BrowserStackRunExtension - testng
02:04:41.093 [ApplicationImpl pooled thread 388] INFO  com.browserstack.utils.Helpers - null
02:04:41.093 [ApplicationImpl pooled thread 388] INFO  c.b.l.BrowserStackRunExtension - Agent path: null
02:05:00.239 [ApplicationImpl pooled thread 389] INFO  c.b.l.BrowserStackRunExtension - testng
02:05:00.239 [ApplicationImpl pooled thread 389] INFO  com.browserstack.utils.Helpers - null
02:05:00.239 [ApplicationImpl pooled thread 389] INFO  c.b.l.BrowserStackRunExtension - Agent path: null
02:05:19.822 [ApplicationImpl pooled thread 388] INFO  c.b.l.BrowserStackRunExtension - testng
02:05:19.822 [ApplicationImpl pooled thread 388] INFO  com.browserstack.utils.Helpers - null
02:05:19.822 [ApplicationImpl pooled thread 388] INFO  c.b.l.BrowserStackRunExtension - Agent path: null
12:39:38.577 [ApplicationImpl pooled thread 85] INFO  c.b.l.BrowserStackRunExtension - testng
12:39:38.586 [ApplicationImpl pooled thread 85] INFO  com.browserstack.utils.Helpers - null
12:39:38.587 [ApplicationImpl pooled thread 85] INFO  c.b.l.BrowserStackRunExtension - Agent path: null
12:40:31.459 [ApplicationImpl pooled thread 78] INFO  c.b.l.BrowserStackRunExtension - testng
12:40:31.459 [ApplicationImpl pooled thread 78] INFO  com.browserstack.utils.Helpers - null
12:40:31.459 [ApplicationImpl pooled thread 78] INFO  c.b.l.BrowserStackRunExtension - Agent path: null
13:13:31.262 [ApplicationImpl pooled thread 118] INFO  c.b.l.BrowserStackRunExtension - testng
13:13:31.262 [ApplicationImpl pooled thread 118] INFO  com.browserstack.utils.Helpers - null
13:13:31.263 [ApplicationImpl pooled thread 118] INFO  c.b.l.BrowserStackRunExtension - Agent path: null
13:14:20.557 [ApplicationImpl pooled thread 119] INFO  c.b.l.BrowserStackRunExtension - testng
13:14:20.557 [ApplicationImpl pooled thread 119] INFO  com.browserstack.utils.Helpers - null
13:14:20.557 [ApplicationImpl pooled thread 119] INFO  c.b.l.BrowserStackRunExtension - Agent path: null
13:14:33.266 [ApplicationImpl pooled thread 140] INFO  c.b.l.BrowserStackRunExtension - maven
13:14:33.266 [ApplicationImpl pooled thread 140] INFO  com.browserstack.utils.Helpers - null
13:14:35.447 [ApplicationImpl pooled thread 130] INFO  c.b.l.BrowserStackRunExtension - maven
13:14:35.447 [ApplicationImpl pooled thread 130] INFO  com.browserstack.utils.Helpers - null
13:15:13.197 [ApplicationImpl pooled thread 126] INFO  c.b.l.BrowserStackRunExtension - maven
13:15:13.197 [ApplicationImpl pooled thread 126] INFO  com.browserstack.utils.Helpers - null
13:15:27.081 [ApplicationImpl pooled thread 130] INFO  c.b.l.BrowserStackRunExtension - testng
13:15:27.081 [ApplicationImpl pooled thread 130] INFO  com.browserstack.utils.Helpers - null
13:15:27.082 [ApplicationImpl pooled thread 130] INFO  c.b.l.BrowserStackRunExtension - Agent path: null
13:15:47.112 [ApplicationImpl pooled thread 168] INFO  c.b.l.BrowserStackRunExtension - testng
13:15:47.112 [ApplicationImpl pooled thread 168] INFO  com.browserstack.utils.Helpers - null
13:15:47.112 [ApplicationImpl pooled thread 168] INFO  c.b.l.BrowserStackRunExtension - Agent path: null
13:17:06.825 [ApplicationImpl pooled thread 157] INFO  c.b.l.BrowserStackRunExtension - testng
13:17:06.825 [ApplicationImpl pooled thread 157] INFO  com.browserstack.utils.Helpers - null
13:17:06.825 [ApplicationImpl pooled thread 157] INFO  c.b.l.BrowserStackRunExtension - Agent path: null
13:19:38.272 [ApplicationImpl pooled thread 186] INFO  c.b.l.BrowserStackRunExtension - testng
13:19:38.272 [ApplicationImpl pooled thread 186] INFO  com.browserstack.utils.Helpers - null
13:19:38.272 [ApplicationImpl pooled thread 186] INFO  c.b.l.BrowserStackRunExtension - Agent path: null
13:19:59.672 [ApplicationImpl pooled thread 186] INFO  c.b.l.BrowserStackRunExtension - maven
13:19:59.672 [ApplicationImpl pooled thread 186] INFO  com.browserstack.utils.Helpers - null
13:20:26.817 [ApplicationImpl pooled thread 170] INFO  c.b.l.BrowserStackRunExtension - maven
13:20:26.817 [ApplicationImpl pooled thread 170] INFO  com.browserstack.utils.Helpers - null
13:20:35.167 [ApplicationImpl pooled thread 209] INFO  c.b.l.BrowserStackRunExtension - maven
13:20:35.167 [ApplicationImpl pooled thread 209] INFO  com.browserstack.utils.Helpers - null
13:20:45.903 [ApplicationImpl pooled thread 203] INFO  c.b.l.BrowserStackRunExtension - testng
13:20:45.903 [ApplicationImpl pooled thread 203] INFO  com.browserstack.utils.Helpers - null
13:20:45.903 [ApplicationImpl pooled thread 203] INFO  c.b.l.BrowserStackRunExtension - Agent path: null
13:22:19.205 [ApplicationImpl pooled thread 194] INFO  c.b.l.BrowserStackRunExtension - maven
13:22:19.205 [ApplicationImpl pooled thread 194] INFO  com.browserstack.utils.Helpers - null
13:22:39.861 [ApplicationImpl pooled thread 212] INFO  c.b.l.BrowserStackRunExtension - testng
13:22:39.861 [ApplicationImpl pooled thread 212] INFO  com.browserstack.utils.Helpers - null
13:22:39.861 [ApplicationImpl pooled thread 212] INFO  c.b.l.BrowserStackRunExtension - Agent path: null
13:23:33.574 [ApplicationImpl pooled thread 237] INFO  c.b.l.BrowserStackRunExtension - testng
13:23:33.574 [ApplicationImpl pooled thread 237] INFO  com.browserstack.utils.Helpers - null
13:23:33.574 [ApplicationImpl pooled thread 237] INFO  c.b.l.BrowserStackRunExtension - Agent path: null
13:24:03.908 [ApplicationImpl pooled thread 211] INFO  c.b.l.BrowserStackRunExtension - testng
13:24:03.908 [ApplicationImpl pooled thread 211] INFO  com.browserstack.utils.Helpers - null
13:24:03.909 [ApplicationImpl pooled thread 211] INFO  c.b.l.BrowserStackRunExtension - Agent path: null
13:25:11.715 [ApplicationImpl pooled thread 228] INFO  c.b.l.BrowserStackRunExtension - testng
13:25:11.715 [ApplicationImpl pooled thread 228] INFO  com.browserstack.utils.Helpers - null
13:25:11.715 [ApplicationImpl pooled thread 228] INFO  c.b.l.BrowserStackRunExtension - Agent path: null
13:26:41.450 [ApplicationImpl pooled thread 268] INFO  c.b.l.BrowserStackRunExtension - testng
13:26:41.450 [ApplicationImpl pooled thread 268] INFO  com.browserstack.utils.Helpers - null
13:26:41.451 [ApplicationImpl pooled thread 268] INFO  c.b.l.BrowserStackRunExtension - Agent path: null
13:29:39.145 [ApplicationImpl pooled thread 289] INFO  c.b.l.BrowserStackRunExtension - testng
13:29:39.145 [ApplicationImpl pooled thread 289] INFO  com.browserstack.utils.Helpers - null
13:29:39.146 [ApplicationImpl pooled thread 289] INFO  c.b.l.BrowserStackRunExtension - Agent path: null
14:21:21.496 [ApplicationImpl pooled thread 338] INFO  c.b.l.BrowserStackRunExtension - testng
14:21:21.496 [ApplicationImpl pooled thread 338] INFO  com.browserstack.utils.Helpers - null
14:21:21.496 [ApplicationImpl pooled thread 338] INFO  c.b.l.BrowserStackRunExtension - Agent path: null
14:23:40.770 [ApplicationImpl pooled thread 346] INFO  c.b.l.BrowserStackRunExtension - testng
14:23:40.770 [ApplicationImpl pooled thread 346] INFO  com.browserstack.utils.Helpers - null
14:23:40.771 [ApplicationImpl pooled thread 346] INFO  c.b.l.BrowserStackRunExtension - Agent path: null
14:26:53.677 [ApplicationImpl pooled thread 342] INFO  c.b.l.BrowserStackRunExtension - testng
14:26:53.677 [ApplicationImpl pooled thread 342] INFO  com.browserstack.utils.Helpers - null
14:26:53.678 [ApplicationImpl pooled thread 342] INFO  c.b.l.BrowserStackRunExtension - Agent path: null
14:28:06.196 [ApplicationImpl pooled thread 350] INFO  c.b.l.BrowserStackRunExtension - testng
14:28:06.196 [ApplicationImpl pooled thread 350] INFO  com.browserstack.utils.Helpers - null
14:28:06.196 [ApplicationImpl pooled thread 350] INFO  c.b.l.BrowserStackRunExtension - Agent path: null
14:53:28.308 [ApplicationImpl pooled thread 365] INFO  c.b.l.BrowserStackRunExtension - testng
14:53:28.308 [ApplicationImpl pooled thread 365] INFO  com.browserstack.utils.Helpers - null
14:53:28.308 [ApplicationImpl pooled thread 365] INFO  c.b.l.BrowserStackRunExtension - Agent path: null
14:56:11.737 [ApplicationImpl pooled thread 367] INFO  c.b.l.BrowserStackRunExtension - testng
14:56:11.737 [ApplicationImpl pooled thread 367] INFO  com.browserstack.utils.Helpers - null
14:56:11.738 [ApplicationImpl pooled thread 367] INFO  c.b.l.BrowserStackRunExtension - Agent path: null
15:57:13.707 [ApplicationImpl pooled thread 424] INFO  c.b.l.BrowserStackRunExtension - testng
15:57:13.707 [ApplicationImpl pooled thread 424] INFO  com.browserstack.utils.Helpers - null
15:57:13.708 [ApplicationImpl pooled thread 424] INFO  c.b.l.BrowserStackRunExtension - Agent path: null
16:09:49.493 [ApplicationImpl pooled thread 437] INFO  c.b.l.BrowserStackRunExtension - testng
16:09:49.493 [ApplicationImpl pooled thread 437] INFO  com.browserstack.utils.Helpers - null
16:09:49.493 [ApplicationImpl pooled thread 437] INFO  c.b.l.BrowserStackRunExtension - Agent path: null
16:10:21.929 [ApplicationImpl pooled thread 438] INFO  c.b.l.BrowserStackRunExtension - testng
16:10:21.929 [ApplicationImpl pooled thread 438] INFO  com.browserstack.utils.Helpers - null
16:10:21.930 [ApplicationImpl pooled thread 438] INFO  c.b.l.BrowserStackRunExtension - Agent path: null
16:37:22.657 [ApplicationImpl pooled thread 428] INFO  c.b.l.BrowserStackRunExtension - testng
16:37:22.657 [ApplicationImpl pooled thread 428] INFO  com.browserstack.utils.Helpers - null
16:37:22.657 [ApplicationImpl pooled thread 428] INFO  c.b.l.BrowserStackRunExtension - Agent path: null
17:02:46.486 [ApplicationImpl pooled thread 467] INFO  c.b.l.BrowserStackRunExtension - testng
17:02:46.486 [ApplicationImpl pooled thread 467] INFO  com.browserstack.utils.Helpers - null
17:02:46.486 [ApplicationImpl pooled thread 467] INFO  c.b.l.BrowserStackRunExtension - Agent path: null
17:15:45.239 [ApplicationImpl pooled thread 523] INFO  c.b.l.BrowserStackRunExtension - testng
17:15:45.240 [ApplicationImpl pooled thread 523] INFO  com.browserstack.utils.Helpers - null
17:15:45.240 [ApplicationImpl pooled thread 523] INFO  c.b.l.BrowserStackRunExtension - Agent path: null
15:34:38.706 [ApplicationImpl pooled thread 29] INFO  c.b.l.BrowserStackRunExtension - testng
15:34:38.707 [ApplicationImpl pooled thread 29] INFO  com.browserstack.utils.Helpers - null
15:34:38.708 [ApplicationImpl pooled thread 29] INFO  c.b.l.BrowserStackRunExtension - Agent path: null
15:36:13.434 [ApplicationImpl pooled thread 42] INFO  c.b.l.BrowserStackRunExtension - testng
15:36:13.434 [ApplicationImpl pooled thread 42] INFO  com.browserstack.utils.Helpers - null
15:36:13.434 [ApplicationImpl pooled thread 42] INFO  c.b.l.BrowserStackRunExtension - Agent path: null
15:37:09.307 [ApplicationImpl pooled thread 46] INFO  c.b.l.BrowserStackRunExtension - testng
15:37:09.307 [ApplicationImpl pooled thread 46] INFO  com.browserstack.utils.Helpers - null
15:37:09.307 [ApplicationImpl pooled thread 46] INFO  c.b.l.BrowserStackRunExtension - Agent path: null
